{"D:/Webgit/web-monorepo1/packages/math-project-vue/ssy-ui-vite1/uno.config.ts": {"path":"D:/Webgit/web-monorepo1/packages/math-project-vue/ssy-ui-vite1/uno.config.ts","statementMap":{"0":{"start":{"line":11,"column":15},"end":{"line":22,"column":null}},"1":{"start":{"line":23,"column":17},"end":{"line":50,"column":null}},"2":{"start":{"line":24,"column":21},"end":{"line":24,"column":34}},"3":{"start":{"line":25,"column":21},"end":{"line":25,"column":34}},"4":{"start":{"line":26,"column":21},"end":{"line":26,"column":34}},"5":{"start":{"line":27,"column":21},"end":{"line":27,"column":40}},"6":{"start":{"line":28,"column":21},"end":{"line":28,"column":40}},"7":{"start":{"line":29,"column":21},"end":{"line":29,"column":40}},"8":{"start":{"line":30,"column":21},"end":{"line":30,"column":40}},"9":{"start":{"line":31,"column":21},"end":{"line":31,"column":38}},"10":{"start":{"line":32,"column":21},"end":{"line":32,"column":38}},"11":{"start":{"line":33,"column":21},"end":{"line":33,"column":36}},"12":{"start":{"line":34,"column":21},"end":{"line":34,"column":42}},"13":{"start":{"line":36,"column":41},"end":{"line":36,"column":54}},"14":{"start":{"line":37,"column":41},"end":{"line":37,"column":54}},"15":{"start":{"line":38,"column":61},"end":{"line":38,"column":72}},"16":{"start":{"line":49,"column":13},"end":{"line":49,"column":33}}},"fnMap":{"0":{"name":"(anonymous_0)","decl":{"start":{"line":24,"column":16},"end":{"line":24,"column":21}},"loc":{"start":{"line":24,"column":21},"end":{"line":24,"column":34}}},"1":{"name":"(anonymous_1)","decl":{"start":{"line":25,"column":16},"end":{"line":25,"column":21}},"loc":{"start":{"line":25,"column":21},"end":{"line":25,"column":34}}},"2":{"name":"(anonymous_2)","decl":{"start":{"line":26,"column":16},"end":{"line":26,"column":21}},"loc":{"start":{"line":26,"column":21},"end":{"line":26,"column":34}}},"3":{"name":"(anonymous_3)","decl":{"start":{"line":27,"column":16},"end":{"line":27,"column":21}},"loc":{"start":{"line":27,"column":21},"end":{"line":27,"column":40}}},"4":{"name":"(anonymous_4)","decl":{"start":{"line":28,"column":16},"end":{"line":28,"column":21}},"loc":{"start":{"line":28,"column":21},"end":{"line":28,"column":40}}},"5":{"name":"(anonymous_5)","decl":{"start":{"line":29,"column":16},"end":{"line":29,"column":21}},"loc":{"start":{"line":29,"column":21},"end":{"line":29,"column":40}}},"6":{"name":"(anonymous_6)","decl":{"start":{"line":30,"column":16},"end":{"line":30,"column":21}},"loc":{"start":{"line":30,"column":21},"end":{"line":30,"column":40}}},"7":{"name":"(anonymous_7)","decl":{"start":{"line":31,"column":16},"end":{"line":31,"column":21}},"loc":{"start":{"line":31,"column":21},"end":{"line":31,"column":38}}},"8":{"name":"(anonymous_8)","decl":{"start":{"line":32,"column":16},"end":{"line":32,"column":21}},"loc":{"start":{"line":32,"column":21},"end":{"line":32,"column":38}}},"9":{"name":"(anonymous_9)","decl":{"start":{"line":33,"column":16},"end":{"line":33,"column":21}},"loc":{"start":{"line":33,"column":21},"end":{"line":33,"column":36}}},"10":{"name":"(anonymous_10)","decl":{"start":{"line":34,"column":16},"end":{"line":34,"column":21}},"loc":{"start":{"line":34,"column":21},"end":{"line":34,"column":42}}},"11":{"name":"(anonymous_11)","decl":{"start":{"line":36,"column":31},"end":{"line":36,"column":32}},"loc":{"start":{"line":36,"column":41},"end":{"line":36,"column":54}}},"12":{"name":"(anonymous_12)","decl":{"start":{"line":37,"column":31},"end":{"line":37,"column":32}},"loc":{"start":{"line":37,"column":41},"end":{"line":37,"column":54}}},"13":{"name":"(anonymous_13)","decl":{"start":{"line":38,"column":56},"end":{"line":38,"column":61}},"loc":{"start":{"line":38,"column":61},"end":{"line":38,"column":72}}},"14":{"name":"(anonymous_14)","decl":{"start":{"line":49,"column":8},"end":{"line":49,"column":13}},"loc":{"start":{"line":49,"column":13},"end":{"line":49,"column":33}}}},"branchMap":{},"s":{"0":0,"1":0,"2":0,"3":0,"4":0,"5":0,"6":0,"7":0,"8":0,"9":0,"10":0,"11":0,"12":0,"13":0,"14":0,"15":0,"16":0},"f":{"0":0,"1":0,"2":0,"3":0,"4":0,"5":0,"6":0,"7":0,"8":0,"9":0,"10":0,"11":0,"12":0,"13":0,"14":0},"b":{}}
,"D:/Webgit/web-monorepo1/packages/math-project-vue/ssy-ui-vite1/scripts/build.ts": {"path":"D:/Webgit/web-monorepo1/packages/math-project-vue/ssy-ui-vite1/scripts/build.ts","statementMap":{"0":{"start":{"line":8,"column":18},"end":{"line":8,"column":null}},"1":{"start":{"line":11,"column":17},"end":{"line":37,"column":null}},"2":{"start":{"line":12,"column":2},"end":{"line":12,"column":null}},"3":{"start":{"line":13,"column":17},"end":{"line":13,"column":null}},"4":{"start":{"line":14,"column":2},"end":{"line":36,"column":null}},"5":{"start":{"line":17,"column":27},"end":{"line":17,"column":null}},"6":{"start":{"line":18,"column":20},"end":{"line":18,"column":null}},"7":{"start":{"line":19,"column":6},"end":{"line":19,"column":null}},"8":{"start":{"line":22,"column":21},"end":{"line":22,"column":null}},"9":{"start":{"line":23,"column":21},"end":{"line":31,"column":null}},"10":{"start":{"line":33,"column":6},"end":{"line":35,"column":null}},"11":{"start":{"line":39,"column":0},"end":{"line":39,"column":null}}},"fnMap":{"0":{"name":"(anonymous_0)","decl":{"start":{"line":11,"column":17},"end":{"line":11,"column":29}},"loc":{"start":{"line":11,"column":29},"end":{"line":37,"column":null}}},"1":{"name":"(anonymous_1)","decl":{"start":{"line":15,"column":12},"end":{"line":15,"column":13}},"loc":{"start":{"line":15,"column":22},"end":{"line":20,"column":5}}},"2":{"name":"(anonymous_2)","decl":{"start":{"line":21,"column":13},"end":{"line":21,"column":20}},"loc":{"start":{"line":21,"column":29},"end":{"line":36,"column":5}}}},"branchMap":{"0":{"loc":{"start":{"line":19,"column":13},"end":{"line":19,"column":null}},"type":"binary-expr","locations":[{"start":{"line":19,"column":13},"end":{"line":19,"column":22}},{"start":{"line":19,"column":22},"end":{"line":19,"column":null}}]}},"s":{"0":0,"1":0,"2":0,"3":0,"4":0,"5":0,"6":0,"7":0,"8":0,"9":0,"10":0,"11":0},"f":{"0":0,"1":0,"2":0},"b":{"0":[0,0]}}
,"D:/Webgit/web-monorepo1/packages/math-project-vue/ssy-ui-vite1/src/SFCButton.vue": {"path":"D:/Webgit/web-monorepo1/packages/math-project-vue/ssy-ui-vite1/src/SFCButton.vue","statementMap":{"0":{"start":{"line":2,"column":15},"end":{"line":4,"column":null}},"1":{"start":{"line":8,"column":2},"end":{"line":8,"column":29}}},"fnMap":{},"branchMap":{},"s":{"0":0,"1":0},"f":{},"b":{}}
,"D:/Webgit/web-monorepo1/packages/math-project-vue/ssy-ui-vite1/src/entry.ts": {"path":"D:/Webgit/web-monorepo1/packages/math-project-vue/ssy-ui-vite1/src/entry.ts","statementMap":{"0":{"start":{"line":12,"column":4},"end":{"line":12,"column":null}},"1":{"start":{"line":12,"column":25},"end":{"line":12,"column":35}}},"fnMap":{"0":{"name":"(anonymous_0)","decl":{"start":{"line":11,"column":2},"end":{"line":11,"column":10}},"loc":{"start":{"line":11,"column":15},"end":{"line":13,"column":null}}},"1":{"name":"(anonymous_1)","decl":{"start":{"line":12,"column":20},"end":{"line":12,"column":25}},"loc":{"start":{"line":12,"column":25},"end":{"line":12,"column":35}}}},"branchMap":{},"s":{"0":0,"1":0},"f":{"0":0,"1":0},"b":{}}
,"D:/Webgit/web-monorepo1/packages/math-project-vue/ssy-ui-vite1/src/index.ts": {"path":"D:/Webgit/web-monorepo1/packages/math-project-vue/ssy-ui-vite1/src/index.ts","statementMap":{"0":{"start":{"line":4,"column":0},"end":{"line":41,"column":null}}},"fnMap":{},"branchMap":{},"s":{"0":0},"f":{},"b":{}}
,"D:/Webgit/web-monorepo1/packages/math-project-vue/ssy-ui-vite1/src/plugins.ts": {"path":"D:/Webgit/web-monorepo1/packages/math-project-vue/ssy-ui-vite1/src/plugins.ts","statementMap":{"0":{"start":{"line":5,"column":26},"end":{"line":5,"column":null}}},"fnMap":{},"branchMap":{},"s":{"0":0},"f":{},"b":{}}
,"D:/Webgit/web-monorepo1/packages/math-project-vue/ssy-ui-vite1/src/avatar/Avatar.vue": {"path":"D:/Webgit/web-monorepo1/packages/math-project-vue/ssy-ui-vite1/src/avatar/Avatar.vue","statementMap":{"0":{"start":{"line":1,"column":0},"end":{"line":1,"column":null}},"1":{"start":{"line":12,"column":2},"end":{"line":1,"column":null}}},"fnMap":{},"branchMap":{"0":{"loc":{"start":{"line":16,"column":12},"end":{"line":16,"column":null}},"type":"cond-expr","locations":[{"start":{"line":16,"column":17},"end":{"line":16,"column":null}},{"start":{"line":16,"column":17},"end":{"line":16,"column":null}}]}},"s":{"0":0,"1":0},"f":{},"b":{"0":[0,0]}}
,"D:/Webgit/web-monorepo1/packages/math-project-vue/ssy-ui-vite1/src/avatar/index.ts": {"path":"D:/Webgit/web-monorepo1/packages/math-project-vue/ssy-ui-vite1/src/avatar/index.ts","statementMap":{"0":{"start":{"line":4,"column":22},"end":{"line":4,"column":null}}},"fnMap":{},"branchMap":{},"s":{"0":0},"f":{},"b":{}}
,"D:/Webgit/web-monorepo1/packages/math-project-vue/ssy-ui-vite1/src/button/Button.tsx": {"path":"D:/Webgit/web-monorepo1/packages/math-project-vue/ssy-ui-vite1/src/button/Button.tsx","statementMap":{"0":{"start":{"line":17,"column":27},"end":{"line":49,"column":10}},"1":{"start":{"line":53,"column":15},"end":{"line":105,"column":2}},"2":{"start":{"line":57,"column":17},"end":{"line":73,"column":5}},"3":{"start":{"line":75,"column":4},"end":{"line":103,"column":null}},"4":{"start":{"line":75,"column":11},"end":{"line":101,"column":null}}},"fnMap":{"0":{"name":"(anonymous_0)","decl":{"start":{"line":56,"column":2},"end":{"line":56,"column":7}},"loc":{"start":{"line":56,"column":26},"end":{"line":104,"column":null}}},"1":{"name":"(anonymous_1)","decl":{"start":{"line":75,"column":11},"end":{"line":75,"column":null}},"loc":{"start":{"line":75,"column":11},"end":{"line":101,"column":null}}}},"branchMap":{"0":{"loc":{"start":{"line":84,"column":12},"end":{"line":84,"column":55}},"type":"cond-expr","locations":[{"start":{"line":84,"column":26},"end":{"line":84,"column":40}},{"start":{"line":84,"column":43},"end":{"line":84,"column":55}}]},"1":{"loc":{"start":{"line":85,"column":30},"end":{"line":85,"column":57}},"type":"cond-expr","locations":[{"start":{"line":85,"column":44},"end":{"line":85,"column":49}},{"start":{"line":85,"column":52},"end":{"line":85,"column":57}}]},"2":{"loc":{"start":{"line":87,"column":34},"end":{"line":87,"column":61}},"type":"cond-expr","locations":[{"start":{"line":87,"column":48},"end":{"line":87,"column":53}},{"start":{"line":87,"column":56},"end":{"line":87,"column":61}}]},"3":{"loc":{"start":{"line":90,"column":17},"end":{"line":90,"column":61}},"type":"cond-expr","locations":[{"start":{"line":90,"column":31},"end":{"line":90,"column":51}},{"start":{"line":90,"column":54},"end":{"line":90,"column":61}}]},"4":{"loc":{"start":{"line":94,"column":9},"end":{"line":99,"column":null}},"type":"cond-expr","locations":[{"start":{"line":94,"column":26},"end":{"line":96,"column":null}},{"start":{"line":99,"column":14},"end":{"line":99,"column":null}}]},"5":{"loc":{"start":{"line":101,"column":9},"end":{"line":101,"column":45}},"type":"cond-expr","locations":[{"start":{"line":101,"column":25},"end":{"line":101,"column":40}},{"start":{"line":101,"column":43},"end":{"line":101,"column":45}}]}},"s":{"0":1,"1":1,"2":8,"3":8,"4":8},"f":{"0":8,"1":8},"b":{"0":[1,7],"1":[1,7],"2":[1,7],"3":[1,7],"4":[1,7],"5":[8,0]}}
,"D:/Webgit/web-monorepo1/packages/math-project-vue/ssy-ui-vite1/src/button/index.ts": {"path":"D:/Webgit/web-monorepo1/packages/math-project-vue/ssy-ui-vite1/src/button/index.ts","statementMap":{"0":{"start":{"line":8,"column":22},"end":{"line":8,"column":null}}},"fnMap":{},"branchMap":{},"s":{"0":0},"f":{},"b":{}}
,"D:/Webgit/web-monorepo1/packages/math-project-vue/ssy-ui-vite1/src/link/Link.tsx": {"path":"D:/Webgit/web-monorepo1/packages/math-project-vue/ssy-ui-vite1/src/link/Link.tsx","statementMap":{"0":{"start":{"line":17,"column":25},"end":{"line":26,"column":1}},"1":{"start":{"line":29,"column":15},"end":{"line":71,"column":2}},"2":{"start":{"line":33,"column":17},"end":{"line":49,"column":5}},"3":{"start":{"line":51,"column":4},"end":{"line":69,"column":null}},"4":{"start":{"line":51,"column":11},"end":{"line":66,"column":null}}},"fnMap":{"0":{"name":"(anonymous_0)","decl":{"start":{"line":32,"column":2},"end":{"line":32,"column":7}},"loc":{"start":{"line":32,"column":26},"end":{"line":70,"column":null}}},"1":{"name":"(anonymous_1)","decl":{"start":{"line":51,"column":11},"end":{"line":51,"column":null}},"loc":{"start":{"line":51,"column":11},"end":{"line":66,"column":null}}}},"branchMap":{"0":{"loc":{"start":{"line":65,"column":11},"end":{"line":65,"column":51}},"type":"cond-expr","locations":[{"start":{"line":65,"column":27},"end":{"line":65,"column":42}},{"start":{"line":65,"column":45},"end":{"line":65,"column":51}}]}},"s":{"0":0,"1":0,"2":0,"3":0,"4":0},"f":{"0":0,"1":0},"b":{"0":[0,0]}}
,"D:/Webgit/web-monorepo1/packages/math-project-vue/ssy-ui-vite1/src/link/index.ts": {"path":"D:/Webgit/web-monorepo1/packages/math-project-vue/ssy-ui-vite1/src/link/index.ts","statementMap":{"0":{"start":{"line":6,"column":20},"end":{"line":6,"column":null}}},"fnMap":{},"branchMap":{},"s":{"0":0},"f":{},"b":{}}
,"D:/Webgit/web-monorepo1/packages/math-project-vue/ssy-ui-vite1/src/utils/with-install.ts": {"path":"D:/Webgit/web-monorepo1/packages/math-project-vue/ssy-ui-vite1/src/utils/with-install.ts","statementMap":{"0":{"start":{"line":8,"column":24},"end":{"line":8,"column":null}},"1":{"start":{"line":11,"column":3},"end":{"line":16,"column":null}},"2":{"start":{"line":12,"column":21},"end":{"line":12,"column":null}},"3":{"start":{"line":13,"column":4},"end":{"line":15,"column":null}},"4":{"start":{"line":14,"column":6},"end":{"line":14,"column":null}},"5":{"start":{"line":18,"column":2},"end":{"line":18,"column":null}}},"fnMap":{"0":{"name":"withInstall","decl":{"start":{"line":10,"column":16},"end":{"line":10,"column":49}},"loc":{"start":{"line":10,"column":61},"end":{"line":19,"column":null}}},"1":{"name":"(anonymous_1)","decl":{"start":{"line":11,"column":49},"end":{"line":11,"column":50}},"loc":{"start":{"line":11,"column":63},"end":{"line":16,"column":null}}}},"branchMap":{"0":{"loc":{"start":{"line":13,"column":4},"end":{"line":15,"column":null}},"type":"if","locations":[{"start":{"line":13,"column":4},"end":{"line":15,"column":null}},{"start":{},"end":{}}]}},"s":{"0":0,"1":0,"2":0,"3":0,"4":0,"5":0},"f":{"0":0,"1":0},"b":{"0":[0,0]}}
}
